#########################
Running start QwenCoder480b-MapCoder-APPS-Python3-0.0-20, Time: 2025-11-18 21:46:27.498756
##########################

--- Starting run_single_pass ---
Task ID: 1656
--- Generating Knowledge Base and Exemplars ---
--- Parsing Knowledge Base and Exemplars ---
--- Planning Iteration 1 of 4 ---
--- Generating Problem Planning ---
--- Parsing Problem Planning ---
--- Generating Planning Verification ---
--- Plan Verification Correct ---
--- Generating Final Code ---
--- Code Improvement Iteration 1 of 4 ---
--- Code Failed, Improving ---
Feedback: failed: 'test'
--- Code Improvement Iteration 2 of 4 ---
--- Code Failed, Improving ---
Feedback: failed: 'test'
--- Code Improvement Iteration 3 of 4 ---
--- Code Failed, Improving ---
Feedback: failed: 'test'
--- Code Improvement Iteration 4 of 4 ---
--- Code Failed, Improving ---
Feedback: failed: 'test'
--- Ending run_single_pass ---
Final Code: 
def countSubsequences(needle, haystack):
    MOD = 10**8
    n = len(needle)
    m = len(haystack)
    
    # dp[i][j] represents number of ways to form first i chars of needle 
    # using first j chars of haystack
    dp = [[0] * (m + 1) for _ in range(n + 1)]
    
    # Base case: empty needle can be formed in 1 way from any prefix
    for j in range(m + 1):
        dp[0][j] = 1
    
    # Base case: non-empty needle cannot be formed from empty haystack
    for i in range(1, n + 1):
        dp[i][0] = 0
    
    # Fill the DP table
    for i in range(1, n + 1):
        for j in range(1, m + 1):
            # We can always skip the current character of haystack
            dp[i][j] = dp[i][j-1]
            
            # If characters match, we can also use the current character
            if needle[i-1] == haystack[j-1]:
                dp[i][j] = (dp[i][j] + dp[i-1][j-1]) % MOD
    
    return dp[n][m]

# Read input
needle = input().strip()
haystack = ""
try:
    while True:
        line = input()
        haystack += line + "\n"
except EOFError:
    pass

# Remove the last newline if haystack is not empty
if haystack and haystack.endswith('\n'):
    haystack = haystack[:-1]

# Compute and print result
result = countSubsequences(needle, haystack)
print(result)



Total Prompt Tokens: 10478
Total Completion Tokens: 4328
________________________


--- Starting run_single_pass ---
Task ID: 1649
--- Generating Knowledge Base and Exemplars ---
--- Parsing Knowledge Base and Exemplars ---
--- Planning Iteration 1 of 4 ---
--- Generating Problem Planning ---
--- Parsing Problem Planning ---
--- Generating Planning Verification ---
--- Plan Verification Correct ---
--- Generating Final Code ---
--- Code Improvement Iteration 1 of 4 ---
--- Code Failed, Improving ---
Feedback: failed in test case: {'input': "['APP_PASSIVE_OPEN', 'APP_SEND', 'RCV_SYN_ACK']", 'output': ['ESTABLISHED']}
failed in test case: {'input': "['APP_ACTIVE_OPEN']", 'output': ['SYN_SENT']}
failed in test case: {'input': "['APP_ACTIVE_OPEN', 'RCV_SYN_ACK', 'APP_CLOSE', 'RCV_FIN_ACK', 'RCV_ACK']", 'output': ['ERROR']}

--- Code Improvement Iteration 2 of 4 ---
--- Code Failed, Improving ---
Feedback: failed in test case: {'input': "['APP_PASSIVE_OPEN', 'APP_SEND', 'RCV_SYN_ACK']", 'output': ['ESTABLISHED']}
failed in test case: {'input': "['APP_ACTIVE_OPEN']", 'output': ['SYN_SENT']}
failed in test case: {'input': "['APP_ACTIVE_OPEN', 'RCV_SYN_ACK', 'APP_CLOSE', 'RCV_FIN_ACK', 'RCV_ACK']", 'output': ['ERROR']}

--- Code Improvement Iteration 3 of 4 ---
--- Code Failed, Improving ---
Feedback: failed in test case: {'input': "['APP_PASSIVE_OPEN', 'APP_SEND', 'RCV_SYN_ACK']", 'output': ['ESTABLISHED']}
failed in test case: {'input': "['APP_ACTIVE_OPEN']", 'output': ['SYN_SENT']}
failed in test case: {'input': "['APP_ACTIVE_OPEN', 'RCV_SYN_ACK', 'APP_CLOSE', 'RCV_FIN_ACK', 'RCV_ACK']", 'output': ['ERROR']}

--- Code Improvement Iteration 4 of 4 ---
--- Code Failed, Improving ---
Feedback: failed in test case: {'input': "['APP_PASSIVE_OPEN', 'APP_SEND', 'RCV_SYN_ACK']", 'output': ['ESTABLISHED']}
failed in test case: {'input': "['APP_ACTIVE_OPEN']", 'output': ['SYN_SENT']}
failed in test case: {'input': "['APP_ACTIVE_OPEN', 'RCV_SYN_ACK', 'APP_CLOSE', 'RCV_FIN_ACK', 'RCV_ACK']", 'output': ['ERROR']}

--- Ending run_single_pass ---
Final Code: 
def tcp_fsm(events):
    transitions = {
        'CLOSED': {
            'APP_PASSIVE_OPEN': 'LISTEN',
            'APP_ACTIVE_OPEN': 'SYN_SENT'
        },
        'LISTEN': {
            'RCV_SYN': 'SYN_RCVD',
            'APP_SEND': 'SYN_SENT',
            'APP_CLOSE': 'CLOSED'
        },
        'SYN_RCVD': {
            'APP_CLOSE': 'FIN_WAIT_1',
            'RCV_ACK': 'ESTABLISHED'
        },
        'SYN_SENT': {
            'RCV_SYN': 'SYN_RCVD',
            'RCV_SYN_ACK': 'ESTABLISHED',
            'APP_CLOSE': 'CLOSED'
        },
        'ESTABLISHED': {
            'APP_CLOSE': 'FIN_WAIT_1',
            'RCV_FIN': 'CLOSE_WAIT'
        },
        'FIN_WAIT_1': {
            'RCV_FIN': 'CLOSING',
            'RCV_FIN_ACK': 'TIME_WAIT',
            'RCV_ACK': 'FIN_WAIT_2'
        },
        'CLOSING': {
            'RCV_ACK': 'TIME_WAIT'
        },
        'FIN_WAIT_2': {
            'RCV_FIN': 'TIME_WAIT'
        },
        'TIME_WAIT': {
            'APP_TIMEOUT': 'CLOSED'
        },
        'CLOSE_WAIT': {
            'APP_CLOSE': 'LAST_ACK'
        },
        'LAST_ACK': {
            'RCV_ACK': 'CLOSED'
        }
    }

    state = 'CLOSED'
    for event in events:
        if state in transitions and event in transitions[state]:
            state = transitions[state][event]
        else:
            return 'ERROR'
    return state

if __name__ == "__main__":
    events_str = input().strip()
    events = eval(events_str) if events_str else []
    result = tcp_fsm(events)
    print(result)



Total Prompt Tokens: 16439
Total Completion Tokens: 6765
________________________


--- Starting run_single_pass ---
Task ID: 1646
--- Generating Knowledge Base and Exemplars ---
--- Parsing Knowledge Base and Exemplars ---
--- Planning Iteration 1 of 4 ---
--- Generating Problem Planning ---
--- Parsing Problem Planning ---
--- Generating Planning Verification ---
--- Plan Verification Correct ---
--- Generating Final Code ---
--- Code Improvement Iteration 1 of 4 ---
--- Code Failed, Improving ---
Feedback: failed in test case: {'input': '1', 'output': [1]}
failed in test case: {'input': '2', 'output': [5]}

--- Code Improvement Iteration 2 of 4 ---
--- Code Failed, Improving ---
Feedback: failed in test case: {'input': '1', 'output': [1]}
failed in test case: {'input': '2', 'output': [5]}

--- Code Improvement Iteration 3 of 4 ---
--- Code Failed, Improving ---
Feedback: failed in test case: {'input': '1', 'output': [1]}
failed in test case: {'input': '2', 'output': [5]}

--- Code Improvement Iteration 4 of 4 ---
--- Code Failed, Improving ---
Feedback: failed in test case: {'input': '1', 'output': [1]}
failed in test case: {'input': '2', 'output': [5]}

--- Ending run_single_pass ---
Final Code: 
def extended_gcd(a, b):
    if a == 0:
        return b, 0, 1
    gcd, x1, y1 = extended_gcd(b % a, a)
    x = y1 - (b // a) * x1
    y = x1
    return gcd, x, y

def chinese_remainder_theorem(a1, m1, a2, m2):
    gcd, p, q = extended_gcd(m1, m2)
    if (a2 - a1) % gcd != 0:
        return None
    lcm = m1 // gcd * m2
    x = (a1 + m1 * ((a2 - a1) // gcd) * p) % lcm
    return x

def generate_green_numbers(count):
    green_numbers = {1}  # Start with 1
    
    k = 1
    while len(green_numbers) < count * 2:  # Generate more than needed to be safe
        power_2k = 2 ** k
        power_5k = 5 ** k
        
        # Solve N 《 0 (mod 2^k) and N 《 1 (mod 5^k)
        n1 = chinese_remainder_theorem(0, power_2k, 1, power_5k)
        if n1 and n1 != 1:  # Avoid duplicates
            green_numbers.add(n1)
            
        # Solve N 《 1 (mod 2^k) and N 《 0 (mod 5^k)
        n2 = chinese_remainder_theorem(1, power_2k, 0, power_5k)
        if n2 and n2 != 1:  # Avoid duplicates
            green_numbers.add(n2)
            
        # Also include trivial cases
        # N 《 0 (mod 10^k)
        if k > 1:  # Only for multi-digit cases
            green_numbers.add(0)
            
        # N 《 1 (mod 10^k)
        # This is already covered by our initial set {1}
        
        k += 1
        if k > 50:  # Safety break
            break
    
    # Filter out 0 and convert to sorted list
    result = sorted([x for x in green_numbers if x > 0])
    
    # Make sure we have enough numbers - let's be more systematic
    if len(result) < count:
        k = 1
        while len(result) < count and k <= 100:
            power_2k = 2 ** k
            power_5k = 5 ** k
            power_10k = 10 ** k
            
            # Case 1: N 《 0 (mod 2^k) and N 《 1 (mod 5^k)
            n1 = chinese_remainder_theorem(0, power_2k, 1, power_5k)
            if n1 and n1 not in result and n1 >= power_10k//10 and n1 < power_10k:
                result.append(n1)
                
            # Case 2: N 《 1 (mod 2^k) and N 《 0 (mod 5^k)
            n2 = chinese_remainder_theorem(1, power_2k, 0, power_5k)
            if n2 and n2 not in result and n2 >= power_10k//10 and n2 < power_10k:
                result.append(n2)
                
            # Special cases for small numbers
            if k == 1:
                if 5 not in result:
                    result.append(5)
                if 6 not in result:
                    result.append(6)
                    
            k += 1
    
    result = sorted(set(result))
    return result[:count]

# Let me try a cleaner approach
def generate_green_numbers_v2(count):
    # Green numbers satisfy N^2 《 N (mod 10^k) where k is number of digits
    # This means N(N-1) 《 0 (mod 10^k)
    # Since gcd(N, N-1) = 1, we need 10^k | N(N-1)
    # So 2^k | N or 2^k | (N-1), and 5^k | N or 5^k | (N-1)
    
    greens = [1]  # Always include 1
    
    # For each digit length, find green numbers
    digit_len = 1
    while len(greens) < count:
        power_2 = 2 ** digit_len
        power_5 = 5 ** digit_len
        power_10 = 10 ** digit_len
        
        candidates = set()
        
        # Four cases:
        # 1. N 《 0 (mod 2^digit_len) and N 《 0 (mod 5^digit_len) => N 《 0 (mod 10^digit_len)
        # But 0 is not a positive number, so skip this
        
        # 2. N 《 0 (mod 2^digit_len) and N 《 1 (mod 5^digit_len)
        n1 = chinese_remainder_theorem(0, power_2, 1, power_5)
        if n1 is not None and n1 > 0:
            candidates.add(n1 % power_10)
            
        # 3. N 《 1 (mod 2^digit_len) and N 《 0 (mod 5^digit_len)
        n2 = chinese_remainder_theorem(1, power_2, 0, power_5)
        if n2 is not None and n2 > 0:
            candidates.add(n2 % power_10)
            
        # 4. N 《 1 (mod 2^digit_len) and N 《 1 (mod 5^digit_len) => N 《 1 (mod 10^digit_len)
        # This would just give us 1, 101, 1001, etc. We'll handle 1 separately if needed
        
        # Add valid candidates in the right range
        for candidate in candidates:
            if candidate >= (power_10 // 10) and candidate < power_10:
                if candidate not in greens:
                    greens.append(candidate)
        
        digit_len += 1
        if digit_len > 20:  # Safety break
            break
    
    # Manual addition of known green numbers to ensure correctness
    known_greens = [1, 5, 6, 25, 76, 376, 625, 9376]
    for num in known_greens:
        if num not in greens:
            greens.append(num)
    
    return sorted(list(set(greens)))[:count]

# Even simpler - let's use the known mathematical approach
def generate_green_numbers_final(count):
    greens = []
    
    # We know that green numbers are solutions to N^2 《 N (mod 10^k)
    # This means we can build them iteratively
    
    # Start with single digit solutions: 1, 5, 6
    current_solutions = [1, 5, 6]
    greens.extend(current_solutions)
    
    # For each additional digit, extend previous solutions
    for digits in range(2, 20):  # Up to 20 digits should be enough
        new_solutions = []
        mod = 10 ** digits
        prev_mod = 10 ** (digits - 1)
        
        for sol in current_solutions:
            # Try extending by adding digits 0-9 at the front
            for prefix in range(10):
                candidate = prefix * prev_mod + sol
                # Check if it's green: candidate^2 ends with candidate
                if (candidate * candidate) % mod == candidate:
                    new_solutions.append(candidate)
                    if candidate not in greens:
                        greens.append(candidate)
                        
        current_solutions = new_solutions
        if len(greens) >= count:
            break
    
    return sorted(list(set(greens)))[:count]

# Precompute green numbers
green_list = generate_green_numbers_final(5000)

def green(n):
    return green_list[n-1]

# Read input and produce output
n = int(input())
print(green(n))



Total Prompt Tokens: 10128
Total Completion Tokens: 7732
________________________


--- Starting run_single_pass ---
Task ID: 1646
--- Generating Knowledge Base and Exemplars ---
--- Parsing Knowledge Base and Exemplars ---
--- Planning Iteration 1 of 4 ---
--- Generating Problem Planning ---
--- Parsing Problem Planning ---
--- Generating Planning Verification ---
--- Plan Verification Correct ---
--- Generating Final Code ---
--- Code Improvement Iteration 1 of 4 ---
--- Code Failed, Improving ---
Feedback: failed in test case: {'input': '1', 'output': [1]}
failed in test case: {'input': '2', 'output': [5]}

--- Code Improvement Iteration 2 of 4 ---
--- Code Failed, Improving ---
Feedback: failed in test case: {'input': '1', 'output': [1]}
failed in test case: {'input': '2', 'output': [5]}

--- Code Improvement Iteration 3 of 4 ---
--- Code Failed, Improving ---
Feedback: failed in test case: {'input': '1', 'output': [1]}
failed in test case: {'input': '2', 'output': [5]}

--- Code Improvement Iteration 4 of 4 ---
--- Code Failed, Improving ---
Feedback: failed in test case: {'input': '1', 'output': [1]}
failed in test case: {'input': '2', 'output': [5]}

--- Ending run_single_pass ---
Final Code: 
def get_green_numbers(limit):
    greens = []
    seen = set()
    
    # Start with single digit green numbers
    candidates = [1, 5, 6]
    
    # Add initial candidates to our results
    for c in candidates:
        if c not in seen:
            greens.append(c)
            seen.add(c)
    
    # Generate more green numbers by extending existing ones
    current_length = 1
    
    while len(greens) < limit:
        current_length += 1
        new_candidates = []
        
        # For each existing green number, try to extend it
        for base_num in [num for num in candidates if len(str(num)) == current_length - 1]:
            # Try prepending each digit 0-9
            base_str = str(base_num)
            base_len = len(base_str)
            
            for digit in range(10):
                # Create new candidate
                candidate = digit * (10 ** base_len) + base_num
                
                # Check if it's green
                candidate_sq = candidate * candidate
                if str(candidate_sq).endswith(str(candidate)):
                    new_candidates.append(candidate)
                    
                    if candidate not in seen:
                        greens.append(candidate)
                        seen.add(candidate)
                        
                        if len(greens) >= limit:
                            return sorted(greens)
        
        if new_candidates:
            candidates = new_candidates
        else:
            # If no new candidates found, we need a different approach
            # Let's compute directly using modular arithmetic
            
            # For each modulus 10^k, solve x^2 《 x (mod 10^k)
            # This gives us x(x-1) 《 0 (mod 10^k)
            mod = 10 ** current_length
            
            # We already know about numbers ending in 1, 5, 6
            # Let's find the specific solutions for this length
            for x in range(mod):
                if x > 0 and (x * x) % mod == x % mod:
                    if x not in seen:
                        greens.append(x)
                        seen.add(x)
                        candidates.append(x)
                        
                        if len(greens) >= limit:
                            return sorted(greens)
    
    return sorted(greens)

# More efficient approach - build recursively
def get_green_numbers_efficient(limit):
    if limit <= 0:
        return []
    
    # Known green numbers
    greens = [1]
    if limit == 1:
        return greens
        
    # Keep track of green numbers by their last digits
    # We'll build longer green numbers from shorter ones
    current_green = [1, 5, 6]
    
    # Store all green numbers we find
    all_greens = {1, 5, 6}
    
    # Continue until we have enough
    while len(all_greens) < limit:
        next_green = []
        
        # For each current green number, try to extend it
        for num in current_green:
            # Number of digits in num
            num_digits = len(str(num))
            mod = 10 ** (num_digits + 1)
            
            # Try prepending digits 0-9
            for digit in range(10):
                candidate = digit * (10 ** num_digits) + num
                
                # Check if candidate is green
                if (candidate * candidate) % mod == candidate:
                    if candidate not in all_greens:
                        next_green.append(candidate)
                        all_greens.add(candidate)
                        greens.append(candidate)
                        
                        if len(greens) >= limit:
                            return sorted(greens)
        
        if not next_green:
            break
        current_green = next_green
    
    return sorted(greens)

# Even better approach - use the mathematical properties
def get_green_numbers_math(limit):
    greens = []
    seen = set()
    
    # Start with known small green numbers
    queue = [1, 5, 6]
    for x in queue:
        if x not in seen:
            greens.append(x)
            seen.add(x)
    
    # Process numbers in order of increasing length
    while len(greens) < limit and queue:
        next_queue = []
        
        for num in queue:
            # Get the number of digits
            num_digits = len(str(num))
            next_power = 10 ** (num_digits + 1)
            
            # Try prepending each digit
            for digit in range(10):
                candidate = digit * (10 ** num_digits) + num
                
                # Check if it's green
                if (candidate * candidate) % next_power == candidate:
                    if candidate not in seen:
                        seen.add(candidate)
                        greens.append(candidate)
                        next_queue.append(candidate)
                        
                        if len(greens) >= limit:
                            return sorted(greens)
        
        queue = next_queue
    
    return sorted(greens)

# Precompute green numbers up to 5000
GREEN_NUMBERS = get_green_numbers_math(5000)

def green(n):
    return GREEN_NUMBERS[n - 1]

# Read input and produce output
n = int(input())
print(green(n))



Total Prompt Tokens: 12165
Total Completion Tokens: 7161
________________________


--- Starting run_single_pass ---
Task ID: 1646
--- Generating Knowledge Base and Exemplars ---
--- Parsing Knowledge Base and Exemplars ---
--- Planning Iteration 1 of 4 ---
--- Generating Problem Planning ---
--- Parsing Problem Planning ---
--- Generating Planning Verification ---
--- Plan Verification Correct ---
--- Generating Final Code ---
--- Code Improvement Iteration 1 of 4 ---
--- Code Failed, Improving ---
Feedback: failed in test case: {'input': '1', 'output': [1]}
failed in test case: {'input': '2', 'output': [5]}

--- Code Improvement Iteration 2 of 4 ---
--- Code Failed, Improving ---
Feedback: failed in test case: {'input': '1', 'output': [1]}
failed in test case: {'input': '2', 'output': [5]}

--- Code Improvement Iteration 3 of 4 ---
--- Code Failed, Improving ---
Feedback: failed in test case: {'input': '1', 'output': [1]}
failed in test case: {'input': '2', 'output': [5]}

--- Code Improvement Iteration 4 of 4 ---
--- Code Failed, Improving ---
Feedback: failed in test case: {'input': '1', 'output': [1]}
failed in test case: {'input': '2', 'output': [5]}

--- Ending run_single_pass ---
Final Code: 
def generate_green_numbers(n):
    if n <= 0:
        return []
    
    green_list = [1]  # First green number is always 1
    
    if n == 1:
        return green_list
    
    # Start with known single-digit green numbers (excluding 1 which we already have)
    candidates = [5, 6]
    digit_count = 1
    
    # Continue until we have n green numbers
    while len(green_list) < n:
        next_candidates = []
        current_power = 10 ** digit_count
        next_power = 10 ** (digit_count + 1)
        
        # For each current candidate, try extending it by one digit
        for candidate in candidates:
            # Try prepending each digit 0-9
            for prefix_digit in range(10):
                extended_candidate = prefix_digit * current_power + candidate
                
                # Check if this is a green number
                if (extended_candidate * extended_candidate) % next_power == extended_candidate:
                    next_candidates.append(extended_candidate)
                    green_list.append(extended_candidate)
                    
                    if len(green_list) >= n:
                        break
            
            if len(green_list) >= n:
                break
        
        if len(green_list) >= n:
            break
            
        candidates = next_candidates
        digit_count += 1
    
    return green_list[:n]

# Precompute green numbers
green_cache = generate_green_numbers(5000)

def green(n):
    return green_cache[n - 1]

# Read input and solve
if __name__ == "__main__":
    n = int(input().strip())
    result = green(n)
    print(result)



Total Prompt Tokens: 15022
Total Completion Tokens: 6213
________________________


Traceback (most recent call last):
  File "C:\Users\chenzaiyi\miniconda3\Lib\site-packages\httpx\_transports\default.py", line 101, in map_httpcore_exceptions
    yield
  File "C:\Users\chenzaiyi\miniconda3\Lib\site-packages\httpx\_transports\default.py", line 250, in handle_request
    resp = self._pool.handle_request(req)
  File "C:\Users\chenzaiyi\miniconda3\Lib\site-packages\httpcore\_sync\connection_pool.py", line 256, in handle_request
    raise exc from None
  File "C:\Users\chenzaiyi\miniconda3\Lib\site-packages\httpcore\_sync\connection_pool.py", line 236, in handle_request
    response = connection.handle_request(
        pool_request.request
    )
  File "C:\Users\chenzaiyi\miniconda3\Lib\site-packages\httpcore\_sync\connection.py", line 103, in handle_request
    return self._connection.handle_request(request)
           ~~~~~~~~~~~~~~~~~~~~~~~~~~~~~~~^^^^^^^^^
  File "C:\Users\chenzaiyi\miniconda3\Lib\site-packages\httpcore\_sync\http11.py", line 136, in handle_request
    raise exc
  File "C:\Users\chenzaiyi\miniconda3\Lib\site-packages\httpcore\_sync\http11.py", line 106, in handle_request
    ) = self._receive_response_headers(**kwargs)
        ~~~~~~~~~~~~~~~~~~~~~~~~~~~~~~^^^^^^^^^^
  File "C:\Users\chenzaiyi\miniconda3\Lib\site-packages\httpcore\_sync\http11.py", line 177, in _receive_response_headers
    event = self._receive_event(timeout=timeout)
  File "C:\Users\chenzaiyi\miniconda3\Lib\site-packages\httpcore\_sync\http11.py", line 217, in _receive_event
    data = self._network_stream.read(
        self.READ_NUM_BYTES, timeout=timeout
    )
  File "C:\Users\chenzaiyi\miniconda3\Lib\site-packages\httpcore\_backends\sync.py", line 126, in read
    with map_exceptions(exc_map):
         ~~~~~~~~~~~~~~^^^^^^^^^
  File "C:\Users\chenzaiyi\miniconda3\Lib\contextlib.py", line 162, in __exit__
    self.gen.throw(value)
    ~~~~~~~~~~~~~~^^^^^^^
  File "C:\Users\chenzaiyi\miniconda3\Lib\site-packages\httpcore\_exceptions.py", line 14, in map_exceptions
    raise to_exc(exc) from exc
httpcore.ReadTimeout: The read operation timed out

The above exception was the direct cause of the following exception:

Traceback (most recent call last):
  File "C:\Users\chenzaiyi\miniconda3\Lib\site-packages\openai\_base_client.py", line 982, in request
    response = self._client.send(
        request,
        stream=stream or self._should_stream_response_body(request=request),
        **kwargs,
    )
  File "C:\Users\chenzaiyi\miniconda3\Lib\site-packages\httpx\_client.py", line 914, in send
    response = self._send_handling_auth(
        request,
    ...<2 lines>...
        history=[],
    )
  File "C:\Users\chenzaiyi\miniconda3\Lib\site-packages\httpx\_client.py", line 942, in _send_handling_auth
    response = self._send_handling_redirects(
        request,
        follow_redirects=follow_redirects,
        history=history,
    )
  File "C:\Users\chenzaiyi\miniconda3\Lib\site-packages\httpx\_client.py", line 979, in _send_handling_redirects
    response = self._send_single_request(request)
  File "C:\Users\chenzaiyi\miniconda3\Lib\site-packages\httpx\_client.py", line 1014, in _send_single_request
    response = transport.handle_request(request)
  File "C:\Users\chenzaiyi\miniconda3\Lib\site-packages\httpx\_transports\default.py", line 249, in handle_request
    with map_httpcore_exceptions():
         ~~~~~~~~~~~~~~~~~~~~~~~^^
  File "C:\Users\chenzaiyi\miniconda3\Lib\contextlib.py", line 162, in __exit__
    self.gen.throw(value)
    ~~~~~~~~~~~~~~^^^^^^^
  File "C:\Users\chenzaiyi\miniconda3\Lib\site-packages\httpx\_transports\default.py", line 118, in map_httpcore_exceptions
    raise mapped_exc(message) from exc
httpx.ReadTimeout: The read operation timed out

The above exception was the direct cause of the following exception:

Traceback (most recent call last):
  File "C:\Users\chenzaiyi\MapCoder\MapCoder\src\promptings\MapCoder.py", line 619, in run_single_pass
    improvement_response, pr_tok_1, com_tok_1 = self.gpt_chat(prompt=improvement_prompt)
                                                ~~~~~~~~~~~~~^^^^^^^^^^^^^^^^^^^^^^^^^^^
  File "C:\Users\chenzaiyi\MapCoder\MapCoder\src\promptings\Base.py", line 38, in gpt_chat
    return self.model.prompt(prompt, **kwargs)
           ~~~~~~~~~~~~~~~~~^^^^^^^^^^^^^^^^^^
  File "C:\Users\chenzaiyi\MapCoder\MapCoder\src\models\Qwen.py", line 33, in prompt
    return super().prompt(processed_input, **kwargs)
           ~~~~~~~~~~~~~~^^^^^^^^^^^^^^^^^^^^^^^^^^^
  File "C:\Users\chenzaiyi\MapCoder\MapCoder\src\models\OpenAI.py", line 197, in prompt
    response = self.openai.chat.completions.create(
        messages=processed_input,
        **model_params
    )
  File "C:\Users\chenzaiyi\miniconda3\Lib\site-packages\openai\_utils\_utils.py", line 286, in wrapper
    return func(*args, **kwargs)
  File "C:\Users\chenzaiyi\miniconda3\Lib\site-packages\openai\resources\chat\completions\completions.py", line 1156, in create
    return self._post(
           ~~~~~~~~~~^
        "/chat/completions",
        ^^^^^^^^^^^^^^^^^^^^
    ...<46 lines>...
        stream_cls=Stream[ChatCompletionChunk],
        ^^^^^^^^^^^^^^^^^^^^^^^^^^^^^^^^^^^^^^^
    )
    ^
  File "C:\Users\chenzaiyi\miniconda3\Lib\site-packages\openai\_base_client.py", line 1259, in post
    return cast(ResponseT, self.request(cast_to, opts, stream=stream, stream_cls=stream_cls))
                           ~~~~~~~~~~~~^^^^^^^^^^^^^^^^^^^^^^^^^^^^^^^^^^^^^^^^^^^^^^^^^^^^^
  File "C:\Users\chenzaiyi\miniconda3\Lib\site-packages\openai\_base_client.py", line 1000, in request
    raise APITimeoutError(request=request) from err
openai.APITimeoutError: Request timed out.
--- Starting run_single_pass ---
Task ID: 1646
--- Generating Knowledge Base and Exemplars ---
--- Parsing Knowledge Base and Exemplars ---
--- Planning Iteration 1 of 4 ---
--- Generating Problem Planning ---
--- Parsing Problem Planning ---
--- Generating Planning Verification ---
--- Plan Verification Correct ---
--- Generating Final Code ---
--- Code Improvement Iteration 1 of 4 ---
--- Code Failed, Improving ---
Feedback: failed in test case: {'input': '1', 'output': [1]}
failed in test case: {'input': '2', 'output': [5]}

--- An unexpected error occurred in run_single_pass: Request timed out. ---
--- Ending run_single_pass ---
Final Code: 
def generate_green_numbers(limit):
    green_numbers = [1]
    
    # Start with known green numbers
    current_green = [1, 5]
    
    while len(green_numbers) < limit:
        next_green = []
        
        for num in current_green:
            # Try appending each digit 0-9 to the current green number
            for digit in range(10):
                candidate = num + digit * (10 ** len(str(num)))
                
                # Check if this candidate is green
                # We need candidate^2 《 candidate (mod 10^(number of digits in candidate))
                candidate_squared = candidate * candidate
                if candidate_squared % (10 ** len(str(candidate))) == candidate:
                    next_green.append(candidate)
                    green_numbers.append(candidate)
                    
                    if len(green_numbers) >= limit:
                        break
            
            if len(green_numbers) >= limit:
                break
                
        current_green = next_green
    
    # Sort the green numbers
    green_numbers.sort()
    return green_numbers

# Precompute green numbers up to 5000
green_list = generate_green_numbers(5000)

def green(n):
    return green_list[n-1]

# Read input and produce output
n = int(input())
print(green(n))



Total Prompt Tokens: 4458
Total Completion Tokens: 2193
________________________


--- Starting run_single_pass ---
Task ID: 1646
--- Generating Knowledge Base and Exemplars ---
--- Parsing Knowledge Base and Exemplars ---
--- Planning Iteration 1 of 4 ---
--- Generating Problem Planning ---
--- Parsing Problem Planning ---
--- Generating Planning Verification ---
--- Plan Verification Correct ---
--- Generating Final Code ---
--- Code Improvement Iteration 1 of 4 ---
--- Code Failed, Improving ---
Feedback: failed in test case: {'input': '1', 'output': [1]}
failed in test case: {'input': '2', 'output': [5]}

--- Code Improvement Iteration 2 of 4 ---
--- Code Failed, Improving ---
Feedback: failed in test case: {'input': '1', 'output': [1]}
failed in test case: {'input': '2', 'output': [5]}

--- Code Improvement Iteration 3 of 4 ---
--- Code Failed, Improving ---
Feedback: failed in test case: {'input': '1', 'output': [1]}
failed in test case: {'input': '2', 'output': [5]}

--- Code Improvement Iteration 4 of 4 ---
--- Code Failed, Improving ---
Feedback: failed in test case: {'input': '1', 'output': [1]}
failed in test case: {'input': '2', 'output': [5]}

--- Ending run_single_pass ---
Final Code: 
def generate_green_numbers(limit):
    green_numbers = [1]  # First green number is 1
    
    if limit == 1:
        return green_numbers
    
    # We'll build green numbers digit by digit
    # For each number of digits, we find all green numbers of that length
    candidates = [1, 5, 6]  # Known single digit green numbers
    digits = 1
    
    while len(green_numbers) < limit:
        digits += 1
        mod_val = 10 ** digits
        new_candidates = []
        
        # For each existing candidate, try extending it by one digit at the front
        for candidate in candidates:
            # Try prepending each digit 0-9
            for prefix_digit in range(10):
                # Create new number: prefix_digit followed by candidate
                new_num = prefix_digit * (10 ** (digits - 1)) + candidate
                
                # Skip if it starts with 0 (not a valid number)
                if digits > 1 and new_num < (10 ** (digits - 1)):
                    continue
                    
                # Check if it's green: new_num^2 ends with new_num
                if (new_num * new_num) % mod_val == new_num:
                    new_candidates.append(new_num)
                    green_numbers.append(new_num)
                    
                    if len(green_numbers) >= limit:
                        return sorted(green_numbers)
        
        candidates = new_candidates
    
    return sorted(green_numbers)

# Precompute green numbers up to required limit
GREEN_NUMBERS = generate_green_numbers(5000)

def green(n):
    return GREEN_NUMBERS[n-1]

# Read input and produce output
n = int(input())
print(green(n))



Total Prompt Tokens: 9930
Total Completion Tokens: 4438
________________________


--- Starting run_single_pass ---
Task ID: 1646
--- Generating Knowledge Base and Exemplars ---
--- Parsing Knowledge Base and Exemplars ---
--- Planning Iteration 1 of 4 ---
--- Generating Problem Planning ---
--- Parsing Problem Planning ---
--- Generating Planning Verification ---
--- Plan Verification Correct ---
--- Generating Final Code ---
--- Code Improvement Iteration 1 of 4 ---
--- Code Failed, Improving ---
Feedback: failed in test case: {'input': '1', 'output': [1]}
failed in test case: {'input': '2', 'output': [5]}

--- Code Improvement Iteration 2 of 4 ---
--- Code Failed, Improving ---
Feedback: failed in test case: {'input': '1', 'output': [1]}
failed in test case: {'input': '2', 'output': [5]}

--- Code Improvement Iteration 3 of 4 ---
--- Code Failed, Improving ---
Feedback: failed in test case: {'input': '1', 'output': [1]}
failed in test case: {'input': '2', 'output': [5]}

--- Code Improvement Iteration 4 of 4 ---
--- Code Failed, Improving ---
Feedback: failed in test case: {'input': '1', 'output': [1]}
failed in test case: {'input': '2', 'output': [5]}

--- Ending run_single_pass ---
Final Code: 
def generate_green_numbers(limit):
    green_numbers = []
    # Start with single digit green numbers
    candidates = [0, 1, 5, 6]
    
    # Dictionary to store green numbers by length
    digit_groups = {1: [1, 5, 6]}  # We exclude 0 as it's not a valid number by itself
    
    current_digits = 1
    
    while len(green_numbers) < limit:
        # Add current green numbers to our result
        if current_digits in digit_groups:
            for num in digit_groups[current_digits]:
                if len(green_numbers) < limit:
                    green_numbers.append(num)
                else:
                    break
        
        if len(green_numbers) >= limit:
            break
            
        next_digit_group = []
        current_mod = 10 ** current_digits
        next_mod = current_mod * 10
        
        # For each green number with current_digits, try extending it
        if current_digits in digit_groups:
            for green_num in digit_groups[current_digits]:
                # Try prepending each digit 0-9
                for digit in range(10):
                    candidate = digit * current_mod + green_num
                    # Check if candidate is green: candidate^2 《 candidate (mod next_mod)
                    if (candidate * candidate) % next_mod == candidate:
                        next_digit_group.append(candidate)
        
        if next_digit_group:
            digit_groups[current_digits + 1] = next_digit_group
            current_digits += 1
        else:
            break
    
    return green_numbers[:limit]

# Precompute green numbers
green_list = generate_green_numbers(5000)

def green(n):
    return green_list[n-1]

# Read input and produce output
n = int(input())
print(green(n))



Total Prompt Tokens: 8466
Total Completion Tokens: 4144
________________________


Traceback (most recent call last):
  File "C:\Users\chenzaiyi\miniconda3\Lib\site-packages\httpx\_transports\default.py", line 101, in map_httpcore_exceptions
    yield
  File "C:\Users\chenzaiyi\miniconda3\Lib\site-packages\httpx\_transports\default.py", line 250, in handle_request
    resp = self._pool.handle_request(req)
  File "C:\Users\chenzaiyi\miniconda3\Lib\site-packages\httpcore\_sync\connection_pool.py", line 256, in handle_request
    raise exc from None
  File "C:\Users\chenzaiyi\miniconda3\Lib\site-packages\httpcore\_sync\connection_pool.py", line 236, in handle_request
    response = connection.handle_request(
        pool_request.request
    )
  File "C:\Users\chenzaiyi\miniconda3\Lib\site-packages\httpcore\_sync\connection.py", line 103, in handle_request
    return self._connection.handle_request(request)
           ~~~~~~~~~~~~~~~~~~~~~~~~~~~~~~~^^^^^^^^^
  File "C:\Users\chenzaiyi\miniconda3\Lib\site-packages\httpcore\_sync\http11.py", line 136, in handle_request
    raise exc
  File "C:\Users\chenzaiyi\miniconda3\Lib\site-packages\httpcore\_sync\http11.py", line 106, in handle_request
    ) = self._receive_response_headers(**kwargs)
        ~~~~~~~~~~~~~~~~~~~~~~~~~~~~~~^^^^^^^^^^
  File "C:\Users\chenzaiyi\miniconda3\Lib\site-packages\httpcore\_sync\http11.py", line 177, in _receive_response_headers
    event = self._receive_event(timeout=timeout)
  File "C:\Users\chenzaiyi\miniconda3\Lib\site-packages\httpcore\_sync\http11.py", line 217, in _receive_event
    data = self._network_stream.read(
        self.READ_NUM_BYTES, timeout=timeout
    )
  File "C:\Users\chenzaiyi\miniconda3\Lib\site-packages\httpcore\_backends\sync.py", line 126, in read
    with map_exceptions(exc_map):
         ~~~~~~~~~~~~~~^^^^^^^^^
  File "C:\Users\chenzaiyi\miniconda3\Lib\contextlib.py", line 162, in __exit__
    self.gen.throw(value)
    ~~~~~~~~~~~~~~^^^^^^^
  File "C:\Users\chenzaiyi\miniconda3\Lib\site-packages\httpcore\_exceptions.py", line 14, in map_exceptions
    raise to_exc(exc) from exc
httpcore.ReadTimeout: The read operation timed out

The above exception was the direct cause of the following exception:

Traceback (most recent call last):
  File "C:\Users\chenzaiyi\miniconda3\Lib\site-packages\openai\_base_client.py", line 982, in request
    response = self._client.send(
        request,
        stream=stream or self._should_stream_response_body(request=request),
        **kwargs,
    )
  File "C:\Users\chenzaiyi\miniconda3\Lib\site-packages\httpx\_client.py", line 914, in send
    response = self._send_handling_auth(
        request,
    ...<2 lines>...
        history=[],
    )
  File "C:\Users\chenzaiyi\miniconda3\Lib\site-packages\httpx\_client.py", line 942, in _send_handling_auth
    response = self._send_handling_redirects(
        request,
        follow_redirects=follow_redirects,
        history=history,
    )
  File "C:\Users\chenzaiyi\miniconda3\Lib\site-packages\httpx\_client.py", line 979, in _send_handling_redirects
    response = self._send_single_request(request)
  File "C:\Users\chenzaiyi\miniconda3\Lib\site-packages\httpx\_client.py", line 1014, in _send_single_request
    response = transport.handle_request(request)
  File "C:\Users\chenzaiyi\miniconda3\Lib\site-packages\httpx\_transports\default.py", line 249, in handle_request
    with map_httpcore_exceptions():
         ~~~~~~~~~~~~~~~~~~~~~~~^^
  File "C:\Users\chenzaiyi\miniconda3\Lib\contextlib.py", line 162, in __exit__
    self.gen.throw(value)
    ~~~~~~~~~~~~~~^^^^^^^
  File "C:\Users\chenzaiyi\miniconda3\Lib\site-packages\httpx\_transports\default.py", line 118, in map_httpcore_exceptions
    raise mapped_exc(message) from exc
httpx.ReadTimeout: The read operation timed out

The above exception was the direct cause of the following exception:

Traceback (most recent call last):
  File "C:\Users\chenzaiyi\MapCoder\MapCoder\src\promptings\MapCoder.py", line 619, in run_single_pass
    improvement_response, pr_tok_1, com_tok_1 = self.gpt_chat(prompt=improvement_prompt)
                                                ~~~~~~~~~~~~~^^^^^^^^^^^^^^^^^^^^^^^^^^^
  File "C:\Users\chenzaiyi\MapCoder\MapCoder\src\promptings\Base.py", line 38, in gpt_chat
    return self.model.prompt(prompt, **kwargs)
           ~~~~~~~~~~~~~~~~~^^^^^^^^^^^^^^^^^^
  File "C:\Users\chenzaiyi\MapCoder\MapCoder\src\models\Qwen.py", line 33, in prompt
    return super().prompt(processed_input, **kwargs)
           ~~~~~~~~~~~~~~^^^^^^^^^^^^^^^^^^^^^^^^^^^
  File "C:\Users\chenzaiyi\MapCoder\MapCoder\src\models\OpenAI.py", line 197, in prompt
    response = self.openai.chat.completions.create(
        messages=processed_input,
        **model_params
    )
  File "C:\Users\chenzaiyi\miniconda3\Lib\site-packages\openai\_utils\_utils.py", line 286, in wrapper
    return func(*args, **kwargs)
  File "C:\Users\chenzaiyi\miniconda3\Lib\site-packages\openai\resources\chat\completions\completions.py", line 1156, in create
    return self._post(
           ~~~~~~~~~~^
        "/chat/completions",
        ^^^^^^^^^^^^^^^^^^^^
    ...<46 lines>...
        stream_cls=Stream[ChatCompletionChunk],
        ^^^^^^^^^^^^^^^^^^^^^^^^^^^^^^^^^^^^^^^
    )
    ^
  File "C:\Users\chenzaiyi\miniconda3\Lib\site-packages\openai\_base_client.py", line 1259, in post
    return cast(ResponseT, self.request(cast_to, opts, stream=stream, stream_cls=stream_cls))
                           ~~~~~~~~~~~~^^^^^^^^^^^^^^^^^^^^^^^^^^^^^^^^^^^^^^^^^^^^^^^^^^^^^
  File "C:\Users\chenzaiyi\miniconda3\Lib\site-packages\openai\_base_client.py", line 1000, in request
    raise APITimeoutError(request=request) from err
openai.APITimeoutError: Request timed out.
--- Starting run_single_pass ---
Task ID: 1646
--- Generating Knowledge Base and Exemplars ---
--- Parsing Knowledge Base and Exemplars ---
--- Planning Iteration 1 of 4 ---
--- Generating Problem Planning ---
--- Parsing Problem Planning ---
--- Generating Planning Verification ---
--- Plan Verification Correct ---
--- Generating Final Code ---
--- Code Improvement Iteration 1 of 4 ---
--- Code Failed, Improving ---
Feedback: failed in test case: {'input': '1', 'output': [1]}
failed in test case: {'input': '2', 'output': [5]}

--- Code Improvement Iteration 2 of 4 ---
--- Code Failed, Improving ---
Feedback: failed in test case: {'input': '1', 'output': [1]}
failed in test case: {'input': '2', 'output': [5]}

--- An unexpected error occurred in run_single_pass: Request timed out. ---
--- Ending run_single_pass ---
Final Code: 
def generate_green_numbers(limit):
    green_numbers = [1, 5]  # Start with 1-digit green numbers
    
    # We already have 1 and 5, so we start with 2 green numbers
    current_power = 10  # 10^1 for 2-digit numbers
    
    while len(green_numbers) < limit:
        new_green = []
        
        # For each existing green number, generate two new ones
        for num in green_numbers:
            # Check if this number has the right number of digits
            # (we want to extend numbers with current_power/10 digits)
            if num < current_power and num >= current_power // 10:
                # Generate two new numbers with one more digit
                candidate1 = num
                candidate2 = (current_power + 1 - num) % (current_power * 10)
                
                # Avoid duplicates and add valid candidates
                if candidate1 not in green_numbers:
                    new_green.append(candidate1)
                if candidate2 != 0 and candidate2 not in green_numbers:
                    new_green.append(candidate2)
        
        # Add new green numbers
        green_numbers.extend(new_green)
        
        # Move to next digit count
        current_power *= 10
    
    # Sort to ensure proper ordering
    green_numbers.sort()
    return green_numbers[:limit]

# Precompute green numbers up to 5000
GREEN_NUMBERS = generate_green_numbers(5000)

def green(n):
    return GREEN_NUMBERS[n-1]

# Read input and produce output
n = int(input())
print(green(n))



Total Prompt Tokens: 5885
Total Completion Tokens: 3826
________________________


--- Starting run_single_pass ---
Task ID: 1646
--- Generating Knowledge Base and Exemplars ---
Traceback (most recent call last):
  File "C:\Users\chenzaiyi\MapCoder\MapCoder\src\main.py", line 149, in <module>
    strategy.run()
    ~~~~~~~~~~~~^^
  File "C:\Users\chenzaiyi\MapCoder\MapCoder\src\promptings\Base.py", line 115, in run
    response, prompt_tokens, completion_tokens = self.run_single_pass(
                                                 ~~~~~~~~~~~~~~~~~~~~^
        item)
        ^^^^^
  File "C:\Users\chenzaiyi\MapCoder\MapCoder\src\promptings\MapCoder.py", line 314, in run_single_pass
    response, pr_tok_1, com_tok_1 = self.gpt_chat(prompt=kb_exemplars_prompt)
                                    ~~~~~~~~~~~~~^^^^^^^^^^^^^^^^^^^^^^^^^^^^
  File "C:\Users\chenzaiyi\MapCoder\MapCoder\src\promptings\Base.py", line 38, in gpt_chat
    return self.model.prompt(prompt, **kwargs)
           ~~~~~~~~~~~~~~~~~^^^^^^^^^^^^^^^^^^
  File "C:\Users\chenzaiyi\MapCoder\MapCoder\src\models\Qwen.py", line 33, in prompt
    return super().prompt(processed_input, **kwargs)
           ~~~~~~~~~~~~~~^^^^^^^^^^^^^^^^^^^^^^^^^^^
  File "C:\Users\chenzaiyi\MapCoder\MapCoder\src\models\OpenAI.py", line 197, in prompt
    response = self.openai.chat.completions.create(
        messages=processed_input,
        **model_params
    )
  File "C:\Users\chenzaiyi\miniconda3\Lib\site-packages\openai\_utils\_utils.py", line 286, in wrapper
    return func(*args, **kwargs)
  File "C:\Users\chenzaiyi\miniconda3\Lib\site-packages\openai\resources\chat\completions\completions.py", line 1156, in create
    return self._post(
           ~~~~~~~~~~^
        "/chat/completions",
        ^^^^^^^^^^^^^^^^^^^^
    ...<46 lines>...
        stream_cls=Stream[ChatCompletionChunk],
        ^^^^^^^^^^^^^^^^^^^^^^^^^^^^^^^^^^^^^^^
    )
    ^
  File "C:\Users\chenzaiyi\miniconda3\Lib\site-packages\openai\_base_client.py", line 1259, in post
    return cast(ResponseT, self.request(cast_to, opts, stream=stream, stream_cls=stream_cls))
                           ~~~~~~~~~~~~^^^^^^^^^^^^^^^^^^^^^^^^^^^^^^^^^^^^^^^^^^^^^^^^^^^^^
  File "C:\Users\chenzaiyi\miniconda3\Lib\site-packages\openai\_base_client.py", line 982, in request
    response = self._client.send(
        request,
        stream=stream or self._should_stream_response_body(request=request),
        **kwargs,
    )
  File "C:\Users\chenzaiyi\miniconda3\Lib\site-packages\httpx\_client.py", line 914, in send
    response = self._send_handling_auth(
        request,
    ...<2 lines>...
        history=[],
    )
  File "C:\Users\chenzaiyi\miniconda3\Lib\site-packages\httpx\_client.py", line 942, in _send_handling_auth
    response = self._send_handling_redirects(
        request,
        follow_redirects=follow_redirects,
        history=history,
    )
  File "C:\Users\chenzaiyi\miniconda3\Lib\site-packages\httpx\_client.py", line 979, in _send_handling_redirects
    response = self._send_single_request(request)
  File "C:\Users\chenzaiyi\miniconda3\Lib\site-packages\httpx\_client.py", line 1014, in _send_single_request
    response = transport.handle_request(request)
  File "C:\Users\chenzaiyi\miniconda3\Lib\site-packages\httpx\_transports\default.py", line 250, in handle_request
    resp = self._pool.handle_request(req)
  File "C:\Users\chenzaiyi\miniconda3\Lib\site-packages\httpcore\_sync\connection_pool.py", line 256, in handle_request
    raise exc from None
  File "C:\Users\chenzaiyi\miniconda3\Lib\site-packages\httpcore\_sync\connection_pool.py", line 236, in handle_request
    response = connection.handle_request(
        pool_request.request
    )
  File "C:\Users\chenzaiyi\miniconda3\Lib\site-packages\httpcore\_sync\connection.py", line 103, in handle_request
    return self._connection.handle_request(request)
           ~~~~~~~~~~~~~~~~~~~~~~~~~~~~~~~^^^^^^^^^
  File "C:\Users\chenzaiyi\miniconda3\Lib\site-packages\httpcore\_sync\http11.py", line 136, in handle_request
    raise exc
  File "C:\Users\chenzaiyi\miniconda3\Lib\site-packages\httpcore\_sync\http11.py", line 106, in handle_request
    ) = self._receive_response_headers(**kwargs)
        ~~~~~~~~~~~~~~~~~~~~~~~~~~~~~~^^^^^^^^^^
  File "C:\Users\chenzaiyi\miniconda3\Lib\site-packages\httpcore\_sync\http11.py", line 177, in _receive_response_headers
    event = self._receive_event(timeout=timeout)
  File "C:\Users\chenzaiyi\miniconda3\Lib\site-packages\httpcore\_sync\http11.py", line 217, in _receive_event
    data = self._network_stream.read(
        self.READ_NUM_BYTES, timeout=timeout
    )
  File "C:\Users\chenzaiyi\miniconda3\Lib\site-packages\httpcore\_backends\sync.py", line 128, in read
    return self._sock.recv(max_bytes)
           ~~~~~~~~~~~~~~~^^^^^^^^^^^
  File "C:\Users\chenzaiyi\miniconda3\Lib\ssl.py", line 1285, in recv
    return self.read(buflen)
           ~~~~~~~~~^^^^^^^^
  File "C:\Users\chenzaiyi\miniconda3\Lib\ssl.py", line 1140, in read
    return self._sslobj.read(len)
           ~~~~~~~~~~~~~~~~~^^^^^
KeyboardInterrupt
